{"G:\\lern\\ProjectReactNative\\idoProject_backend\\App.js": {"path":"G:\\lern\\ProjectReactNative\\idoProject_backend\\App.js","statementMap":{"0":{"start":{"line":1,"column":16},"end":{"line":1,"column":34}},"1":{"start":{"line":2,"column":12},"end":{"line":2,"column":21}},"2":{"start":{"line":3,"column":15},"end":{"line":3,"column":41}},"3":{"start":{"line":4,"column":17},"end":{"line":4,"column":36}},"4":{"start":{"line":5,"column":19},"end":{"line":5,"column":41}},"5":{"start":{"line":6,"column":13},"end":{"line":6,"column":41}},"6":{"start":{"line":7,"column":19},"end":{"line":7,"column":52}},"7":{"start":{"line":8,"column":19},"end":{"line":8,"column":52}},"8":{"start":{"line":10,"column":0},"end":{"line":10,"column":49}},"9":{"start":{"line":11,"column":0},"end":{"line":11,"column":27}},"10":{"start":{"line":13,"column":16},"end":{"line":34,"column":1}},"11":{"start":{"line":14,"column":19},"end":{"line":32,"column":5}},"12":{"start":{"line":16,"column":8},"end":{"line":22,"column":9}},"13":{"start":{"line":17,"column":12},"end":{"line":17,"column":51}},"14":{"start":{"line":18,"column":12},"end":{"line":18,"column":53}},"15":{"start":{"line":19,"column":12},"end":{"line":19,"column":49}},"16":{"start":{"line":21,"column":12},"end":{"line":21,"column":60}},"17":{"start":{"line":24,"column":4},"end":{"line":24,"column":32}},"18":{"start":{"line":25,"column":4},"end":{"line":25,"column":32}},"19":{"start":{"line":27,"column":4},"end":{"line":29,"column":7}},"20":{"start":{"line":28,"column":8},"end":{"line":28,"column":36}},"21":{"start":{"line":31,"column":4},"end":{"line":31,"column":17}},"22":{"start":{"line":33,"column":3},"end":{"line":33,"column":18}},"23":{"start":{"line":39,"column":0},"end":{"line":39,"column":25}}},"fnMap":{"0":{"name":"(anonymous_0)","decl":{"start":{"line":13,"column":16},"end":{"line":13,"column":17}},"loc":{"start":{"line":13,"column":21},"end":{"line":34,"column":1}},"line":13},"1":{"name":"(anonymous_1)","decl":{"start":{"line":14,"column":31},"end":{"line":14,"column":32}},"loc":{"start":{"line":14,"column":44},"end":{"line":32,"column":4}},"line":14},"2":{"name":"(anonymous_2)","decl":{"start":{"line":27,"column":17},"end":{"line":27,"column":18}},"loc":{"start":{"line":27,"column":31},"end":{"line":29,"column":5}},"line":27}},"branchMap":{},"s":{"0":1,"1":1,"2":1,"3":1,"4":1,"5":1,"6":1,"7":1,"8":1,"9":1,"10":1,"11":1,"12":1,"13":1,"14":1,"15":1,"16":0,"17":1,"18":1,"19":1,"20":0,"21":1,"22":1,"23":1},"f":{"0":1,"1":1,"2":0},"b":{},"_coverageSchema":"1a1c01bbd47fc00a2c39e90264f33305004495a9","hash":"284089402c356355667a6656e558e668e1079cb6"}
,"G:\\lern\\ProjectReactNative\\idoProject_backend\\Model\\postModel.js": {"path":"G:\\lern\\ProjectReactNative\\idoProject_backend\\Model\\postModel.js","statementMap":{"0":{"start":{"line":1,"column":17},"end":{"line":1,"column":36}},"1":{"start":{"line":3,"column":19},"end":{"line":12,"column":2}},"2":{"start":{"line":14,"column":13},"end":{"line":14,"column":47}},"3":{"start":{"line":16,"column":0},"end":{"line":16,"column":22}}},"fnMap":{},"branchMap":{},"s":{"0":1,"1":1,"2":1,"3":1},"f":{},"b":{},"_coverageSchema":"1a1c01bbd47fc00a2c39e90264f33305004495a9","hash":"fab0bafd8f41cfb2c2775daec4131b5cbd73c418"}
,"G:\\lern\\ProjectReactNative\\idoProject_backend\\Model\\userModel.js": {"path":"G:\\lern\\ProjectReactNative\\idoProject_backend\\Model\\userModel.js","statementMap":{"0":{"start":{"line":1,"column":17},"end":{"line":1,"column":36}},"1":{"start":{"line":3,"column":19},"end":{"line":22,"column":2}},"2":{"start":{"line":24,"column":13},"end":{"line":24,"column":47}},"3":{"start":{"line":26,"column":0},"end":{"line":26,"column":22}}},"fnMap":{},"branchMap":{},"s":{"0":1,"1":1,"2":1,"3":1},"f":{},"b":{},"_coverageSchema":"1a1c01bbd47fc00a2c39e90264f33305004495a9","hash":"84ab409f6a4e38ea1aafd584e36b59e85dfe63ac"}
,"G:\\lern\\ProjectReactNative\\idoProject_backend\\controllers\\post.js": {"path":"G:\\lern\\ProjectReactNative\\idoProject_backend\\controllers\\post.js","statementMap":{"0":{"start":{"line":1,"column":13},"end":{"line":1,"column":43}},"1":{"start":{"line":6,"column":16},"end":{"line":23,"column":1}},"2":{"start":{"line":7,"column":20},"end":{"line":7,"column":36}},"3":{"start":{"line":8,"column":19},"end":{"line":8,"column":34}},"4":{"start":{"line":10,"column":4},"end":{"line":22,"column":5}},"5":{"start":{"line":11,"column":21},"end":{"line":14,"column":10}},"6":{"start":{"line":15,"column":24},"end":{"line":15,"column":41}},"7":{"start":{"line":16,"column":8},"end":{"line":16,"column":44}},"8":{"start":{"line":17,"column":8},"end":{"line":17,"column":37}},"9":{"start":{"line":20,"column":8},"end":{"line":20,"column":62}},"10":{"start":{"line":21,"column":8},"end":{"line":21,"column":63}},"11":{"start":{"line":25,"column":16},"end":{"line":34,"column":1}},"12":{"start":{"line":27,"column":4},"end":{"line":32,"column":5}},"13":{"start":{"line":28,"column":22},"end":{"line":28,"column":41}},"14":{"start":{"line":29,"column":8},"end":{"line":29,"column":24}},"15":{"start":{"line":31,"column":8},"end":{"line":31,"column":69}},"16":{"start":{"line":36,"column":0},"end":{"line":36,"column":35}}},"fnMap":{"0":{"name":"(anonymous_0)","decl":{"start":{"line":6,"column":16},"end":{"line":6,"column":17}},"loc":{"start":{"line":6,"column":37},"end":{"line":23,"column":1}},"line":6},"1":{"name":"(anonymous_1)","decl":{"start":{"line":25,"column":16},"end":{"line":25,"column":17}},"loc":{"start":{"line":25,"column":38},"end":{"line":34,"column":1}},"line":25}},"branchMap":{},"s":{"0":1,"1":1,"2":0,"3":0,"4":0,"5":0,"6":0,"7":0,"8":0,"9":0,"10":0,"11":1,"12":1,"13":1,"14":1,"15":0,"16":1},"f":{"0":0,"1":1},"b":{},"_coverageSchema":"1a1c01bbd47fc00a2c39e90264f33305004495a9","hash":"8669a9585bf8945fe4c39aada536e5c26643a643"}
,"G:\\lern\\ProjectReactNative\\idoProject_backend\\controllers\\user.js": {"path":"G:\\lern\\ProjectReactNative\\idoProject_backend\\controllers\\user.js","statementMap":{"0":{"start":{"line":4,"column":16},"end":{"line":7,"column":1}},"1":{"start":{"line":5,"column":4},"end":{"line":5,"column":25}},"2":{"start":{"line":9,"column":0},"end":{"line":9,"column":27}}},"fnMap":{"0":{"name":"(anonymous_0)","decl":{"start":{"line":4,"column":16},"end":{"line":4,"column":17}},"loc":{"start":{"line":4,"column":32},"end":{"line":7,"column":1}},"line":4}},"branchMap":{},"s":{"0":1,"1":0,"2":1},"f":{"0":0},"b":{},"_coverageSchema":"1a1c01bbd47fc00a2c39e90264f33305004495a9","hash":"7edbe0643fdab36e57b108ab9fbb43dd0f561f38"}
,"G:\\lern\\ProjectReactNative\\idoProject_backend\\routes\\post_route.js": {"path":"G:\\lern\\ProjectReactNative\\idoProject_backend\\routes\\post_route.js","statementMap":{"0":{"start":{"line":1,"column":16},"end":{"line":1,"column":34}},"1":{"start":{"line":2,"column":18},"end":{"line":2,"column":50}},"2":{"start":{"line":3,"column":0},"end":{"line":3,"column":27}},"3":{"start":{"line":4,"column":15},"end":{"line":4,"column":31}},"4":{"start":{"line":5,"column":13},"end":{"line":5,"column":46}},"5":{"start":{"line":8,"column":0},"end":{"line":8,"column":30}},"6":{"start":{"line":9,"column":0},"end":{"line":9,"column":29}},"7":{"start":{"line":12,"column":0},"end":{"line":12,"column":24}}},"fnMap":{},"branchMap":{},"s":{"0":1,"1":1,"2":1,"3":1,"4":1,"5":1,"6":1,"7":1},"f":{},"b":{},"_coverageSchema":"1a1c01bbd47fc00a2c39e90264f33305004495a9","hash":"eaf00dcf213f758366bbe970a15a0eabd0387924"}
,"G:\\lern\\ProjectReactNative\\idoProject_backend\\routes\\user_route.js": {"path":"G:\\lern\\ProjectReactNative\\idoProject_backend\\routes\\user_route.js","statementMap":{"0":{"start":{"line":1,"column":16},"end":{"line":1,"column":34}},"1":{"start":{"line":2,"column":18},"end":{"line":2,"column":50}},"2":{"start":{"line":3,"column":0},"end":{"line":3,"column":27}},"3":{"start":{"line":4,"column":15},"end":{"line":4,"column":31}},"4":{"start":{"line":5,"column":13},"end":{"line":5,"column":46}},"5":{"start":{"line":8,"column":0},"end":{"line":8,"column":30}},"6":{"start":{"line":12,"column":0},"end":{"line":12,"column":24}}},"fnMap":{},"branchMap":{},"s":{"0":1,"1":1,"2":1,"3":1,"4":1,"5":1,"6":1},"f":{},"b":{},"_coverageSchema":"1a1c01bbd47fc00a2c39e90264f33305004495a9","hash":"afac2effdd842c3c59007b36d60ee5fc6bffbdab"}
}
