{"G:\\lern\\ProjectReactNative\\idoProject_backend\\src\\App.ts": {"path":"G:\\lern\\ProjectReactNative\\idoProject_backend\\src\\App.ts","statementMap":{"0":{"start":{"line":1,"column":0},"end":{"line":1,"column":41}},"1":{"start":{"line":2,"column":12},"end":{"line":2,"column":21}},"2":{"start":{"line":3,"column":0},"end":{"line":3,"column":24}},"3":{"start":{"line":4,"column":0},"end":{"line":4,"column":28}},"4":{"start":{"line":5,"column":0},"end":{"line":5,"column":16}},"5":{"start":{"line":6,"column":0},"end":{"line":6,"column":32}},"6":{"start":{"line":7,"column":0},"end":{"line":7,"column":37}},"7":{"start":{"line":8,"column":0},"end":{"line":8,"column":45}},"8":{"start":{"line":9,"column":0},"end":{"line":9,"column":45}},"9":{"start":{"line":11,"column":0},"end":{"line":11,"column":49}},"10":{"start":{"line":12,"column":0},"end":{"line":12,"column":27}},"11":{"start":{"line":13,"column":0},"end":{"line":13,"column":16}},"12":{"start":{"line":15,"column":16},"end":{"line":36,"column":1}},"13":{"start":{"line":16,"column":19},"end":{"line":34,"column":5}},"14":{"start":{"line":18,"column":8},"end":{"line":24,"column":9}},"15":{"start":{"line":19,"column":12},"end":{"line":19,"column":51}},"16":{"start":{"line":20,"column":12},"end":{"line":20,"column":53}},"17":{"start":{"line":21,"column":12},"end":{"line":21,"column":49}},"18":{"start":{"line":23,"column":12},"end":{"line":23,"column":60}},"19":{"start":{"line":26,"column":4},"end":{"line":26,"column":32}},"20":{"start":{"line":27,"column":4},"end":{"line":27,"column":32}},"21":{"start":{"line":29,"column":4},"end":{"line":31,"column":7}},"22":{"start":{"line":30,"column":8},"end":{"line":30,"column":36}},"23":{"start":{"line":33,"column":4},"end":{"line":33,"column":17}},"24":{"start":{"line":35,"column":3},"end":{"line":35,"column":18}},"25":{"start":{"line":41,"column":0},"end":{"line":41,"column":23}}},"fnMap":{"0":{"name":"(anonymous_1)","decl":{"start":{"line":15,"column":16},"end":{"line":15,"column":19}},"loc":{"start":{"line":15,"column":21},"end":{"line":36,"column":1}}},"1":{"name":"(anonymous_2)","decl":{"start":{"line":16,"column":40},"end":{"line":16,"column":41}},"loc":{"start":{"line":16,"column":52},"end":{"line":34,"column":4}}},"2":{"name":"(anonymous_3)","decl":{"start":{"line":29,"column":17},"end":{"line":29,"column":18}},"loc":{"start":{"line":29,"column":30},"end":{"line":31,"column":5}}}},"branchMap":{},"s":{"0":2,"1":2,"2":2,"3":2,"4":2,"5":2,"6":2,"7":2,"8":2,"9":2,"10":2,"11":2,"12":2,"13":2,"14":2,"15":2,"16":2,"17":2,"18":0,"19":2,"20":2,"21":2,"22":0,"23":2,"24":2,"25":2},"f":{"0":2,"1":2,"2":0},"b":{}}
,"G:\\lern\\ProjectReactNative\\idoProject_backend\\src\\Model\\postModel.ts": {"path":"G:\\lern\\ProjectReactNative\\idoProject_backend\\src\\Model\\postModel.ts","statementMap":{"0":{"start":{"line":1,"column":0},"end":{"line":1,"column":32}},"1":{"start":{"line":10,"column":19},"end":{"line":22,"column":2}},"2":{"start":{"line":26,"column":0},"end":{"line":26,"column":57}}},"fnMap":{},"branchMap":{},"s":{"0":2,"1":2,"2":2},"f":{},"b":{}}
,"G:\\lern\\ProjectReactNative\\idoProject_backend\\src\\Model\\userModel.ts": {"path":"G:\\lern\\ProjectReactNative\\idoProject_backend\\src\\Model\\userModel.ts","statementMap":{"0":{"start":{"line":1,"column":0},"end":{"line":1,"column":32}},"1":{"start":{"line":13,"column":19},"end":{"line":37,"column":2}},"2":{"start":{"line":39,"column":0},"end":{"line":39,"column":57}}},"fnMap":{},"branchMap":{},"s":{"0":2,"1":2,"2":2},"f":{},"b":{}}
,"G:\\lern\\ProjectReactNative\\idoProject_backend\\src\\common\\user_middleware.ts": {"path":"G:\\lern\\ProjectReactNative\\idoProject_backend\\src\\common\\user_middleware.ts","statementMap":{"0":{"start":{"line":2,"column":0},"end":{"line":2,"column":31}},"1":{"start":{"line":4,"column":23},"end":{"line":23,"column":null}},"2":{"start":{"line":4,"column":81},"end":{"line":23,"column":null}},"3":{"start":{"line":5,"column":4},"end":{"line":5,"column":35}},"4":{"start":{"line":7,"column":23},"end":{"line":7,"column":51}},"5":{"start":{"line":8,"column":18},"end":{"line":8,"column":56}},"6":{"start":{"line":10,"column":4},"end":{"line":12,"column":5}},"7":{"start":{"line":11,"column":8},"end":{"line":11,"column":53}},"8":{"start":{"line":14,"column":4},"end":{"line":22,"column":7}},"9":{"start":{"line":15,"column":8},"end":{"line":18,"column":9}},"10":{"start":{"line":16,"column":12},"end":{"line":16,"column":30}},"11":{"start":{"line":17,"column":12},"end":{"line":17,"column":64}},"12":{"start":{"line":19,"column":8},"end":{"line":19,"column":29}},"13":{"start":{"line":21,"column":8},"end":{"line":21,"column":15}},"14":{"start":{"line":25,"column":0},"end":{"line":25,"column":30}}},"fnMap":{"0":{"name":"(anonymous_8)","decl":{"start":{"line":4,"column":23},"end":{"line":4,"column":30}},"loc":{"start":{"line":4,"column":81},"end":{"line":23,"column":null}}},"1":{"name":"(anonymous_9)","decl":{"start":{"line":4,"column":81},"end":{"line":4,"column":null}},"loc":{"start":{"line":4,"column":81},"end":{"line":23,"column":1}}},"2":{"name":"(anonymous_10)","decl":{"start":{"line":14,"column":48},"end":{"line":14,"column":49}},"loc":{"start":{"line":14,"column":62},"end":{"line":22,"column":5}}}},"branchMap":{"0":{"loc":{"start":{"line":8,"column":18},"end":{"line":8,"column":56}},"type":"binary-expr","locations":[{"start":{"line":8,"column":18},"end":{"line":8,"column":28}},{"start":{"line":8,"column":32},"end":{"line":8,"column":56}}]},"1":{"loc":{"start":{"line":10,"column":4},"end":{"line":12,"column":5}},"type":"if","locations":[{"start":{"line":10,"column":4},"end":{"line":12,"column":5}}]},"2":{"loc":{"start":{"line":15,"column":8},"end":{"line":18,"column":9}},"type":"if","locations":[{"start":{"line":15,"column":8},"end":{"line":18,"column":9}}]}},"s":{"0":2,"1":2,"2":5,"3":5,"4":5,"5":5,"6":5,"7":0,"8":5,"9":5,"10":2,"11":2,"12":3,"13":3,"14":2},"f":{"0":5,"1":5,"2":5},"b":{"0":[5,5],"1":[0],"2":[2]}}
,"G:\\lern\\ProjectReactNative\\idoProject_backend\\src\\controllers\\base.ts": {"path":"G:\\lern\\ProjectReactNative\\idoProject_backend\\src\\controllers\\base.ts","statementMap":{"0":{"start":{"line":7,"column":8},"end":{"line":7,"column":35}},"1":{"start":{"line":10,"column":8},"end":{"line":10,"column":27}},"2":{"start":{"line":11,"column":8},"end":{"line":23,"column":9}},"3":{"start":{"line":12,"column":12},"end":{"line":19,"column":13}},"4":{"start":{"line":13,"column":36},"end":{"line":13,"column":86}},"5":{"start":{"line":14,"column":29},"end":{"line":14,"column":67}},"6":{"start":{"line":15,"column":16},"end":{"line":15,"column":43}},"7":{"start":{"line":17,"column":29},"end":{"line":17,"column":56}},"8":{"start":{"line":18,"column":16},"end":{"line":18,"column":43}},"9":{"start":{"line":21,"column":12},"end":{"line":21,"column":31}},"10":{"start":{"line":22,"column":12},"end":{"line":22,"column":48}},"11":{"start":{"line":26,"column":8},"end":{"line":37,"column":9}},"12":{"start":{"line":27,"column":25},"end":{"line":27,"column":72}},"13":{"start":{"line":28,"column":12},"end":{"line":28,"column":null}},"14":{"start":{"line":29,"column":12},"end":{"line":33,"column":13}},"15":{"start":{"line":30,"column":16},"end":{"line":30,"column":57}},"16":{"start":{"line":32,"column":16},"end":{"line":32,"column":50}},"17":{"start":{"line":35,"column":12},"end":{"line":35,"column":31}},"18":{"start":{"line":36,"column":12},"end":{"line":36,"column":48}},"19":{"start":{"line":41,"column":8},"end":{"line":41,"column":34}},"20":{"start":{"line":42,"column":8},"end":{"line":48,"column":9}},"21":{"start":{"line":43,"column":25},"end":{"line":43,"column":62}},"22":{"start":{"line":44,"column":12},"end":{"line":44,"column":39}},"23":{"start":{"line":46,"column":12},"end":{"line":46,"column":31}},"24":{"start":{"line":47,"column":12},"end":{"line":47,"column":48}},"25":{"start":{"line":52,"column":8},"end":{"line":52,"column":27}},"26":{"start":{"line":53,"column":8},"end":{"line":63,"column":9}},"27":{"start":{"line":54,"column":25},"end":{"line":54,"column":124}},"28":{"start":{"line":55,"column":12},"end":{"line":59,"column":13}},"29":{"start":{"line":56,"column":16},"end":{"line":56,"column":57}},"30":{"start":{"line":58,"column":16},"end":{"line":58,"column":50}},"31":{"start":{"line":61,"column":12},"end":{"line":61,"column":31}},"32":{"start":{"line":62,"column":12},"end":{"line":62,"column":48}},"33":{"start":{"line":68,"column":8},"end":{"line":68,"column":31}},"34":{"start":{"line":69,"column":8},"end":{"line":75,"column":9}},"35":{"start":{"line":70,"column":12},"end":{"line":70,"column":66}},"36":{"start":{"line":71,"column":12},"end":{"line":71,"column":42}},"37":{"start":{"line":73,"column":12},"end":{"line":73,"column":31}},"38":{"start":{"line":74,"column":12},"end":{"line":74,"column":48}},"39":{"start":{"line":79,"column":0},"end":{"line":79,"column":30}}},"fnMap":{"0":{"name":"(anonymous_7)","decl":{"start":{"line":6,"column":4},"end":{"line":6,"column":16}},"loc":{"start":{"line":6,"column":52},"end":{"line":8,"column":5}}},"1":{"name":"(anonymous_8)","decl":{"start":{"line":9,"column":10},"end":{"line":9,"column":13}},"loc":{"start":{"line":9,"column":41},"end":{"line":24,"column":null}}},"2":{"name":"(anonymous_10)","decl":{"start":{"line":25,"column":10},"end":{"line":25,"column":17}},"loc":{"start":{"line":25,"column":45},"end":{"line":38,"column":null}}},"3":{"name":"(anonymous_12)","decl":{"start":{"line":40,"column":10},"end":{"line":40,"column":14}},"loc":{"start":{"line":40,"column":42},"end":{"line":49,"column":null}}},"4":{"name":"(anonymous_14)","decl":{"start":{"line":51,"column":10},"end":{"line":51,"column":13}},"loc":{"start":{"line":51,"column":41},"end":{"line":64,"column":null}}},"5":{"name":"(anonymous_16)","decl":{"start":{"line":67,"column":10},"end":{"line":67,"column":16}},"loc":{"start":{"line":67,"column":44},"end":{"line":76,"column":null}}}},"branchMap":{"0":{"loc":{"start":{"line":12,"column":12},"end":{"line":19,"column":13}},"type":"if","locations":[{"start":{"line":12,"column":12},"end":{"line":19,"column":13}},{"start":{"line":16,"column":19},"end":{"line":19,"column":13}}]},"1":{"loc":{"start":{"line":29,"column":12},"end":{"line":33,"column":13}},"type":"if","locations":[{"start":{"line":29,"column":12},"end":{"line":33,"column":13}},{"start":{"line":31,"column":19},"end":{"line":33,"column":13}}]},"2":{"loc":{"start":{"line":55,"column":12},"end":{"line":59,"column":13}},"type":"if","locations":[{"start":{"line":55,"column":12},"end":{"line":59,"column":13}},{"start":{"line":57,"column":19},"end":{"line":59,"column":13}}]}},"s":{"0":4,"1":1,"2":1,"3":1,"4":0,"5":0,"6":0,"7":1,"8":1,"9":0,"10":0,"11":1,"12":1,"13":1,"14":1,"15":0,"16":1,"17":0,"18":0,"19":6,"20":6,"21":6,"22":6,"23":0,"24":0,"25":1,"26":1,"27":1,"28":1,"29":0,"30":1,"31":0,"32":0,"33":2,"34":2,"35":2,"36":2,"37":0,"38":0,"39":2},"f":{"0":4,"1":1,"2":1,"3":6,"4":1,"5":2},"b":{"0":[0,1],"1":[0,1],"2":[0,1]}}
,"G:\\lern\\ProjectReactNative\\idoProject_backend\\src\\controllers\\post.ts": {"path":"G:\\lern\\ProjectReactNative\\idoProject_backend\\src\\controllers\\post.ts","statementMap":{"0":{"start":{"line":1,"column":0},"end":{"line":1,"column":36}},"1":{"start":{"line":2,"column":0},"end":{"line":2,"column":49}},"2":{"start":{"line":8,"column":8},"end":{"line":8,"column":20}},"3":{"start":{"line":12,"column":8},"end":{"line":12,"column":29}},"4":{"start":{"line":16,"column":0},"end":{"line":16,"column":36}}},"fnMap":{"0":{"name":"(anonymous_8)","decl":{"start":{"line":7,"column":4},"end":{"line":7,"column":null}},"loc":{"start":{"line":7,"column":4},"end":{"line":9,"column":5}}},"1":{"name":"(anonymous_9)","decl":{"start":{"line":11,"column":10},"end":{"line":11,"column":14}},"loc":{"start":{"line":11,"column":42},"end":{"line":13,"column":null}}}},"branchMap":{},"s":{"0":2,"1":2,"2":2,"3":6,"4":2},"f":{"0":2,"1":6},"b":{}}
,"G:\\lern\\ProjectReactNative\\idoProject_backend\\src\\controllers\\user.ts": {"path":"G:\\lern\\ProjectReactNative\\idoProject_backend\\src\\controllers\\user.ts","statementMap":{"0":{"start":{"line":1,"column":0},"end":{"line":1,"column":36}},"1":{"start":{"line":2,"column":0},"end":{"line":2,"column":46}},"2":{"start":{"line":4,"column":0},"end":{"line":4,"column":28}},"3":{"start":{"line":5,"column":0},"end":{"line":5,"column":30}},"4":{"start":{"line":10,"column":8},"end":{"line":10,"column":null}},"5":{"start":{"line":13,"column":8},"end":{"line":31,"column":9}},"6":{"start":{"line":14,"column":12},"end":{"line":27,"column":13}},"7":{"start":{"line":16,"column":29},"end":{"line":16,"column":91}},"8":{"start":{"line":17,"column":16},"end":{"line":23,"column":17}},"9":{"start":{"line":19,"column":20},"end":{"line":19,"column":38}},"10":{"start":{"line":20,"column":20},"end":{"line":20,"column":54}},"11":{"start":{"line":22,"column":20},"end":{"line":22,"column":79}},"12":{"start":{"line":25,"column":30},"end":{"line":25,"column":47}},"13":{"start":{"line":26,"column":16},"end":{"line":26,"column":51}},"14":{"start":{"line":29,"column":12},"end":{"line":29,"column":57}},"15":{"start":{"line":30,"column":12},"end":{"line":30,"column":78}},"16":{"start":{"line":34,"column":8},"end":{"line":34,"column":32}},"17":{"start":{"line":35,"column":22},"end":{"line":35,"column":36}},"18":{"start":{"line":36,"column":25},"end":{"line":36,"column":42}},"19":{"start":{"line":37,"column":8},"end":{"line":39,"column":9}},"20":{"start":{"line":38,"column":11},"end":{"line":38,"column":null}},"21":{"start":{"line":40,"column":8},"end":{"line":61,"column":9}},"22":{"start":{"line":41,"column":25},"end":{"line":41,"column":59}},"23":{"start":{"line":42,"column":12},"end":{"line":44,"column":13}},"24":{"start":{"line":43,"column":16},"end":{"line":43,"column":68}},"25":{"start":{"line":45,"column":25},"end":{"line":45,"column":49}},"26":{"start":{"line":46,"column":35},"end":{"line":46,"column":67}},"27":{"start":{"line":48,"column":28},"end":{"line":54,"column":14}},"28":{"start":{"line":55,"column":12},"end":{"line":55,"column":33}},"29":{"start":{"line":56,"column":12},"end":{"line":56,"column":49}},"30":{"start":{"line":58,"column":12},"end":{"line":58,"column":31}},"31":{"start":{"line":59,"column":12},"end":{"line":59,"column":null}},"32":{"start":{"line":64,"column":8},"end":{"line":64,"column":29}},"33":{"start":{"line":65,"column":22},"end":{"line":65,"column":36}},"34":{"start":{"line":66,"column":25},"end":{"line":66,"column":42}},"35":{"start":{"line":68,"column":8},"end":{"line":68,"column":36}},"36":{"start":{"line":69,"column":8},"end":{"line":71,"column":10}},"37":{"start":{"line":70,"column":12},"end":{"line":70,"column":null}},"38":{"start":{"line":72,"column":8},"end":{"line":108,"column":9}},"39":{"start":{"line":73,"column":25},"end":{"line":73,"column":59}},"40":{"start":{"line":74,"column":12},"end":{"line":76,"column":13}},"41":{"start":{"line":75,"column":16},"end":{"line":75,"column":73}},"42":{"start":{"line":77,"column":35},"end":{"line":77,"column":79}},"43":{"start":{"line":78,"column":12},"end":{"line":80,"column":13}},"44":{"start":{"line":79,"column":16},"end":{"line":79,"column":64}},"45":{"start":{"line":81,"column":27},"end":{"line":85,"column":14}},"46":{"start":{"line":86,"column":12},"end":{"line":86,"column":48}},"47":{"start":{"line":87,"column":33},"end":{"line":90,"column":47}},"48":{"start":{"line":92,"column":12},"end":{"line":96,"column":13}},"49":{"start":{"line":93,"column":15},"end":{"line":93,"column":44}},"50":{"start":{"line":95,"column":16},"end":{"line":95,"column":47}},"51":{"start":{"line":96,"column":13},"end":{"line":96,"column":31}},"52":{"start":{"line":98,"column":12},"end":{"line":102,"column":15}},"53":{"start":{"line":105,"column":12},"end":{"line":105,"column":31}},"54":{"start":{"line":106,"column":12},"end":{"line":106,"column":55}},"55":{"start":{"line":113,"column":8},"end":{"line":113,"column":31}},"56":{"start":{"line":114,"column":27},"end":{"line":114,"column":55}},"57":{"start":{"line":115,"column":29},"end":{"line":115,"column":67}},"58":{"start":{"line":117,"column":8},"end":{"line":119,"column":9}},"59":{"start":{"line":118,"column":12},"end":{"line":118,"column":57}},"60":{"start":{"line":121,"column":8},"end":{"line":160,"column":11}},"61":{"start":{"line":121,"column":104},"end":{"line":160,"column":10}},"62":{"start":{"line":122,"column":12},"end":{"line":124,"column":13}},"63":{"start":{"line":123,"column":16},"end":{"line":123,"column":66}},"64":{"start":{"line":125,"column":12},"end":{"line":159,"column":9}},"65":{"start":{"line":126,"column":25},"end":{"line":126,"column":56}},"66":{"start":{"line":127,"column":12},"end":{"line":127,"column":45}},"67":{"start":{"line":128,"column":12},"end":{"line":134,"column":13}},"68":{"start":{"line":129,"column":16},"end":{"line":132,"column":17}},"69":{"start":{"line":130,"column":20},"end":{"line":130,"column":37}},"70":{"start":{"line":131,"column":20},"end":{"line":131,"column":38}},"71":{"start":{"line":133,"column":16},"end":{"line":133,"column":66}},"72":{"start":{"line":135,"column":27},"end":{"line":139,"column":14}},"73":{"start":{"line":140,"column":12},"end":{"line":140,"column":48}},"74":{"start":{"line":141,"column":36},"end":{"line":144,"column":47}},"75":{"start":{"line":146,"column":12},"end":{"line":146,"column":77}},"76":{"start":{"line":146,"column":54},"end":{"line":146,"column":75}},"77":{"start":{"line":147,"column":12},"end":{"line":147,"column":46}},"78":{"start":{"line":148,"column":12},"end":{"line":148,"column":30}},"79":{"start":{"line":150,"column":12},"end":{"line":154,"column":15}},"80":{"start":{"line":156,"column":12},"end":{"line":156,"column":31}},"81":{"start":{"line":157,"column":12},"end":{"line":157,"column":55}},"82":{"start":{"line":164,"column":8},"end":{"line":164,"column":30}},"83":{"start":{"line":166,"column":27},"end":{"line":166,"column":55}},"84":{"start":{"line":167,"column":29},"end":{"line":167,"column":67}},"85":{"start":{"line":169,"column":8},"end":{"line":171,"column":9}},"86":{"start":{"line":170,"column":12},"end":{"line":170,"column":57}},"87":{"start":{"line":173,"column":8},"end":{"line":197,"column":11}},"88":{"start":{"line":173,"column":106},"end":{"line":197,"column":10}},"89":{"start":{"line":174,"column":12},"end":{"line":177,"column":13}},"90":{"start":{"line":175,"column":16},"end":{"line":175,"column":33}},"91":{"start":{"line":176,"column":16},"end":{"line":176,"column":61}},"92":{"start":{"line":179,"column":12},"end":{"line":196,"column":13}},"93":{"start":{"line":180,"column":29},"end":{"line":180,"column":60}},"94":{"start":{"line":181,"column":16},"end":{"line":183,"column":17}},"95":{"start":{"line":182,"column":20},"end":{"line":182,"column":66}},"96":{"start":{"line":185,"column":16},"end":{"line":187,"column":17}},"97":{"start":{"line":186,"column":20},"end":{"line":186,"column":65}},"98":{"start":{"line":189,"column":16},"end":{"line":189,"column":81}},"99":{"start":{"line":189,"column":58},"end":{"line":189,"column":79}},"100":{"start":{"line":190,"column":16},"end":{"line":190,"column":34}},"101":{"start":{"line":192,"column":16},"end":{"line":192,"column":67}},"102":{"start":{"line":194,"column":16},"end":{"line":194,"column":35}},"103":{"start":{"line":195,"column":16},"end":{"line":195,"column":69}},"104":{"start":{"line":202,"column":0},"end":{"line":202,"column":36}}},"fnMap":{"0":{"name":"(anonymous_8)","decl":{"start":{"line":9,"column":4},"end":{"line":9,"column":null}},"loc":{"start":{"line":9,"column":4},"end":{"line":11,"column":5}}},"1":{"name":"(anonymous_9)","decl":{"start":{"line":12,"column":10},"end":{"line":12,"column":17}},"loc":{"start":{"line":12,"column":46},"end":{"line":32,"column":null}}},"2":{"name":"(anonymous_11)","decl":{"start":{"line":33,"column":10},"end":{"line":33,"column":18}},"loc":{"start":{"line":33,"column":46},"end":{"line":62,"column":null}}},"3":{"name":"(anonymous_13)","decl":{"start":{"line":63,"column":10},"end":{"line":63,"column":15}},"loc":{"start":{"line":63,"column":43},"end":{"line":109,"column":null}}},"4":{"name":"(anonymous_15)","decl":{"start":{"line":112,"column":10},"end":{"line":112,"column":17}},"loc":{"start":{"line":112,"column":46},"end":{"line":162,"column":null}}},"5":{"name":"(anonymous_17)","decl":{"start":{"line":121,"column":67},"end":{"line":121,"column":74}},"loc":{"start":{"line":121,"column":104},"end":{"line":160,"column":10}}},"6":{"name":"(anonymous_18)","decl":{"start":{"line":121,"column":104},"end":{"line":121,"column":null}},"loc":{"start":{"line":121,"column":104},"end":{"line":160,"column":9}}},"7":{"name":"(anonymous_19)","decl":{"start":{"line":146,"column":45},"end":{"line":146,"column":50}},"loc":{"start":{"line":146,"column":54},"end":{"line":146,"column":75}}},"8":{"name":"(anonymous_20)","decl":{"start":{"line":163,"column":10},"end":{"line":163,"column":16}},"loc":{"start":{"line":163,"column":44},"end":{"line":198,"column":null}}},"9":{"name":"(anonymous_22)","decl":{"start":{"line":173,"column":67},"end":{"line":173,"column":74}},"loc":{"start":{"line":173,"column":106},"end":{"line":197,"column":10}}},"10":{"name":"(anonymous_23)","decl":{"start":{"line":173,"column":106},"end":{"line":173,"column":null}},"loc":{"start":{"line":173,"column":106},"end":{"line":197,"column":9}}},"11":{"name":"(anonymous_24)","decl":{"start":{"line":189,"column":49},"end":{"line":189,"column":54}},"loc":{"start":{"line":189,"column":58},"end":{"line":189,"column":79}}}},"branchMap":{"0":{"loc":{"start":{"line":14,"column":12},"end":{"line":27,"column":13}},"type":"if","locations":[{"start":{"line":14,"column":12},"end":{"line":27,"column":13}},{"start":{"line":24,"column":19},"end":{"line":27,"column":13}}]},"1":{"loc":{"start":{"line":17,"column":16},"end":{"line":23,"column":17}},"type":"if","locations":[{"start":{"line":17,"column":16},"end":{"line":23,"column":17}},{"start":{"line":21,"column":23},"end":{"line":23,"column":17}}]},"2":{"loc":{"start":{"line":37,"column":8},"end":{"line":39,"column":9}},"type":"if","locations":[{"start":{"line":37,"column":8},"end":{"line":39,"column":9}}]},"3":{"loc":{"start":{"line":37,"column":12},"end":{"line":37,"column":45}},"type":"binary-expr","locations":[{"start":{"line":37,"column":12},"end":{"line":37,"column":25}},{"start":{"line":37,"column":29},"end":{"line":37,"column":45}}]},"4":{"loc":{"start":{"line":42,"column":12},"end":{"line":44,"column":13}},"type":"if","locations":[{"start":{"line":42,"column":12},"end":{"line":44,"column":13}}]},"5":{"loc":{"start":{"line":69,"column":8},"end":{"line":71,"column":10}},"type":"if","locations":[{"start":{"line":69,"column":8},"end":{"line":71,"column":10}}]},"6":{"loc":{"start":{"line":69,"column":12},"end":{"line":69,"column":45}},"type":"binary-expr","locations":[{"start":{"line":69,"column":12},"end":{"line":69,"column":25}},{"start":{"line":69,"column":29},"end":{"line":69,"column":45}}]},"7":{"loc":{"start":{"line":74,"column":12},"end":{"line":76,"column":13}},"type":"if","locations":[{"start":{"line":74,"column":12},"end":{"line":76,"column":13}}]},"8":{"loc":{"start":{"line":78,"column":12},"end":{"line":80,"column":13}},"type":"if","locations":[{"start":{"line":78,"column":12},"end":{"line":80,"column":13}}]},"9":{"loc":{"start":{"line":92,"column":12},"end":{"line":96,"column":13}},"type":"if","locations":[{"start":{"line":92,"column":12},"end":{"line":96,"column":13}},{"start":{"line":94,"column":17},"end":{"line":96,"column":13}}]},"10":{"loc":{"start":{"line":115,"column":29},"end":{"line":115,"column":67}},"type":"binary-expr","locations":[{"start":{"line":115,"column":29},"end":{"line":115,"column":39}},{"start":{"line":115,"column":43},"end":{"line":115,"column":67}}]},"11":{"loc":{"start":{"line":117,"column":8},"end":{"line":119,"column":9}},"type":"if","locations":[{"start":{"line":117,"column":8},"end":{"line":119,"column":9}}]},"12":{"loc":{"start":{"line":122,"column":12},"end":{"line":124,"column":13}},"type":"if","locations":[{"start":{"line":122,"column":12},"end":{"line":124,"column":13}}]},"13":{"loc":{"start":{"line":128,"column":12},"end":{"line":134,"column":13}},"type":"if","locations":[{"start":{"line":128,"column":12},"end":{"line":134,"column":13}}]},"14":{"loc":{"start":{"line":128,"column":17},"end":{"line":128,"column":91}},"type":"binary-expr","locations":[{"start":{"line":128,"column":17},"end":{"line":128,"column":29}},{"start":{"line":128,"column":33},"end":{"line":128,"column":52}},{"start":{"line":128,"column":56},"end":{"line":128,"column":91}}]},"15":{"loc":{"start":{"line":129,"column":16},"end":{"line":132,"column":17}},"type":"if","locations":[{"start":{"line":129,"column":16},"end":{"line":132,"column":17}}]},"16":{"loc":{"start":{"line":167,"column":29},"end":{"line":167,"column":67}},"type":"binary-expr","locations":[{"start":{"line":167,"column":29},"end":{"line":167,"column":39}},{"start":{"line":167,"column":43},"end":{"line":167,"column":67}}]},"17":{"loc":{"start":{"line":169,"column":8},"end":{"line":171,"column":9}},"type":"if","locations":[{"start":{"line":169,"column":8},"end":{"line":171,"column":9}}]},"18":{"loc":{"start":{"line":174,"column":12},"end":{"line":177,"column":13}},"type":"if","locations":[{"start":{"line":174,"column":12},"end":{"line":177,"column":13}}]},"19":{"loc":{"start":{"line":181,"column":16},"end":{"line":183,"column":17}},"type":"if","locations":[{"start":{"line":181,"column":16},"end":{"line":183,"column":17}}]},"20":{"loc":{"start":{"line":185,"column":16},"end":{"line":187,"column":17}},"type":"if","locations":[{"start":{"line":185,"column":16},"end":{"line":187,"column":17}}]},"21":{"loc":{"start":{"line":185,"column":20},"end":{"line":185,"column":71}},"type":"binary-expr","locations":[{"start":{"line":185,"column":20},"end":{"line":185,"column":32}},{"start":{"line":185,"column":36},"end":{"line":185,"column":71}}]}},"s":{"0":2,"1":2,"2":2,"3":2,"4":2,"5":2,"6":2,"7":0,"8":0,"9":0,"10":0,"11":0,"12":2,"13":2,"14":0,"15":0,"16":2,"17":2,"18":2,"19":2,"20":0,"21":2,"22":2,"23":2,"24":0,"25":2,"26":2,"27":2,"28":2,"29":2,"30":0,"31":0,"32":5,"33":5,"34":5,"35":5,"36":5,"37":0,"38":5,"39":5,"40":5,"41":0,"42":5,"43":5,"44":0,"45":5,"46":5,"47":5,"48":5,"49":0,"50":5,"51":5,"52":5,"53":0,"54":0,"55":4,"56":4,"57":4,"58":4,"59":0,"60":4,"61":4,"62":4,"63":0,"64":4,"65":4,"66":4,"67":4,"68":2,"69":2,"70":2,"71":2,"72":2,"73":2,"74":2,"75":2,"76":5,"77":2,"78":2,"79":2,"80":0,"81":0,"82":1,"83":1,"84":1,"85":1,"86":0,"87":1,"88":1,"89":1,"90":0,"91":0,"92":1,"93":1,"94":1,"95":0,"96":1,"97":0,"98":1,"99":1,"100":1,"101":1,"102":0,"103":0,"104":2},"f":{"0":2,"1":2,"2":2,"3":5,"4":4,"5":4,"6":4,"7":5,"8":1,"9":1,"10":1,"11":1},"b":{"0":[0,2],"1":[0,0],"2":[0],"3":[2,2],"4":[0],"5":[0],"6":[5,5],"7":[0],"8":[0],"9":[0,5],"10":[4,4],"11":[0],"12":[0],"13":[2],"14":[4,4,4],"15":[2],"16":[1,1],"17":[0],"18":[0],"19":[0],"20":[0],"21":[1,1]}}
,"G:\\lern\\ProjectReactNative\\idoProject_backend\\src\\routes\\post_route.ts": {"path":"G:\\lern\\ProjectReactNative\\idoProject_backend\\src\\routes\\post_route.ts","statementMap":{"0":{"start":{"line":1,"column":0},"end":{"line":1,"column":30}},"1":{"start":{"line":2,"column":15},"end":{"line":2,"column":31}},"2":{"start":{"line":3,"column":0},"end":{"line":3,"column":49}},"3":{"start":{"line":75,"column":0},"end":{"line":75,"column":58}},"4":{"start":{"line":93,"column":0},"end":{"line":93,"column":56}},"5":{"start":{"line":118,"column":0},"end":{"line":118,"column":63}},"6":{"start":{"line":149,"column":0},"end":{"line":149,"column":59}},"7":{"start":{"line":170,"column":0},"end":{"line":170,"column":65}},"8":{"start":{"line":175,"column":0},"end":{"line":175,"column":22}}},"fnMap":{},"branchMap":{},"s":{"0":2,"1":2,"2":2,"3":2,"4":2,"5":2,"6":2,"7":2,"8":2},"f":{},"b":{}}
,"G:\\lern\\ProjectReactNative\\idoProject_backend\\src\\routes\\user_route.ts": {"path":"G:\\lern\\ProjectReactNative\\idoProject_backend\\src\\routes\\user_route.ts","statementMap":{"0":{"start":{"line":1,"column":0},"end":{"line":1,"column":30}},"1":{"start":{"line":2,"column":15},"end":{"line":2,"column":31}},"2":{"start":{"line":3,"column":0},"end":{"line":3,"column":49}},"3":{"start":{"line":4,"column":0},"end":{"line":4,"column":55}},"4":{"start":{"line":118,"column":0},"end":{"line":118,"column":76}},"5":{"start":{"line":166,"column":0},"end":{"line":166,"column":80}},"6":{"start":{"line":217,"column":0},"end":{"line":217,"column":75}},"7":{"start":{"line":238,"column":0},"end":{"line":238,"column":70}},"8":{"start":{"line":267,"column":0},"end":{"line":267,"column":64}},"9":{"start":{"line":286,"column":0},"end":{"line":286,"column":66}},"10":{"start":{"line":304,"column":0},"end":{"line":304,"column":68}},"11":{"start":{"line":307,"column":0},"end":{"line":307,"column":22}}},"fnMap":{},"branchMap":{},"s":{"0":2,"1":2,"2":2,"3":2,"4":2,"5":2,"6":2,"7":2,"8":2,"9":2,"10":2,"11":2},"f":{},"b":{}}
}
