TN:
SF:src\App.ts
FN:17,(anonymous_1)
FN:18,(anonymous_2)
FN:33,(anonymous_3)
FNF:3
FNH:2
FNDA:2,(anonymous_1)
FNDA:2,(anonymous_2)
FNDA:0,(anonymous_3)
DA:1,2
DA:2,2
DA:3,2
DA:4,2
DA:5,2
DA:6,2
DA:7,2
DA:8,2
DA:9,2
DA:10,2
DA:11,2
DA:13,2
DA:14,2
DA:15,2
DA:17,2
DA:18,2
DA:20,2
DA:21,2
DA:22,2
DA:23,2
DA:25,0
DA:27,2
DA:28,2
DA:29,2
DA:30,2
DA:31,2
DA:33,2
DA:34,0
DA:37,2
DA:39,2
DA:42,2
LF:31
LH:29
BRF:0
BRH:0
end_of_record
TN:
SF:src\Model\postModel.ts
FNF:0
FNH:0
DA:1,2
DA:10,2
DA:26,2
LF:3
LH:3
BRF:0
BRH:0
end_of_record
TN:
SF:src\Model\userModel.ts
FNF:0
FNH:0
DA:1,2
DA:14,2
DA:43,2
LF:3
LH:3
BRF:0
BRH:0
end_of_record
TN:
SF:src\common\user_middleware.ts
FN:4,(anonymous_8)
FN:4,(anonymous_9)
FN:14,(anonymous_10)
FNF:3
FNH:3
FNDA:4,(anonymous_8)
FNDA:4,(anonymous_9)
FNDA:4,(anonymous_10)
DA:2,2
DA:4,4
DA:5,4
DA:7,4
DA:8,4
DA:10,4
DA:11,0
DA:14,4
DA:15,4
DA:16,1
DA:17,1
DA:19,3
DA:21,3
DA:25,2
LF:14
LH:13
BRDA:8,0,0,4
BRDA:8,0,1,4
BRDA:10,1,0,0
BRDA:15,2,0,1
BRF:4
BRH:3
end_of_record
TN:
SF:src\controllers\base.ts
FN:6,(anonymous_7)
FN:9,(anonymous_8)
FN:25,(anonymous_10)
FN:40,(anonymous_12)
FN:51,(anonymous_14)
FN:67,(anonymous_16)
FNF:6
FNH:6
FNDA:4,(anonymous_7)
FNDA:1,(anonymous_8)
FNDA:1,(anonymous_10)
FNDA:6,(anonymous_12)
FNDA:1,(anonymous_14)
FNDA:2,(anonymous_16)
DA:7,4
DA:10,1
DA:11,1
DA:12,1
DA:13,0
DA:14,0
DA:15,0
DA:17,1
DA:18,1
DA:21,0
DA:22,0
DA:26,1
DA:27,1
DA:28,1
DA:29,1
DA:30,0
DA:32,1
DA:35,0
DA:36,0
DA:41,6
DA:42,6
DA:43,6
DA:44,6
DA:46,0
DA:47,0
DA:52,1
DA:53,1
DA:54,1
DA:55,1
DA:56,0
DA:58,1
DA:61,0
DA:62,0
DA:68,2
DA:69,2
DA:70,2
DA:71,2
DA:73,0
DA:74,0
DA:79,2
LF:40
LH:25
BRDA:12,0,0,0
BRDA:12,0,1,1
BRDA:29,1,0,0
BRDA:29,1,1,1
BRDA:55,2,0,0
BRDA:55,2,1,1
BRF:6
BRH:3
end_of_record
TN:
SF:src\controllers\post.ts
FN:7,(anonymous_8)
FN:11,(anonymous_9)
FNF:2
FNH:2
FNDA:2,(anonymous_8)
FNDA:6,(anonymous_9)
DA:1,2
DA:2,2
DA:8,2
DA:12,6
DA:16,2
LF:5
LH:5
BRF:0
BRH:0
end_of_record
TN:
SF:src\controllers\user.ts
FN:10,(anonymous_8)
FN:13,(anonymous_9)
FN:31,(anonymous_11)
FN:52,(anonymous_13)
FN:73,(anonymous_15)
FN:106,(anonymous_17)
FN:156,(anonymous_19)
FN:165,(anonymous_21)
FN:165,(anonymous_22)
FN:190,(anonymous_23)
FN:207,(anonymous_24)
FN:217,(anonymous_26)
FN:217,(anonymous_27)
FN:233,(anonymous_28)
FN:243,(anonymous_29)
FN:261,(anonymous_31)
FN:265,(anonymous_32)
FNF:17
FNH:17
FNDA:2,(anonymous_8)
FNDA:1,(anonymous_9)
FNDA:1,(anonymous_11)
FNDA:2,(anonymous_13)
FNDA:3,(anonymous_15)
FNDA:6,(anonymous_17)
FNDA:1,(anonymous_19)
FNDA:1,(anonymous_21)
FNDA:1,(anonymous_22)
FNDA:1,(anonymous_23)
FNDA:1,(anonymous_24)
FNDA:1,(anonymous_26)
FNDA:1,(anonymous_27)
FNDA:2,(anonymous_28)
FNDA:1,(anonymous_29)
FNDA:1,(anonymous_31)
FNDA:1,(anonymous_32)
DA:1,2
DA:2,2
DA:3,2
DA:5,2
DA:6,2
DA:11,2
DA:14,1
DA:15,1
DA:16,1
DA:17,1
DA:18,1
DA:19,1
DA:20,1
DA:21,1
DA:22,0
DA:24,1
DA:27,0
DA:28,0
DA:32,1
DA:33,1
DA:34,1
DA:35,1
DA:36,0
DA:39,1
DA:40,1
DA:41,0
DA:43,1
DA:44,1
DA:45,1
DA:48,0
DA:49,0
DA:53,2
DA:54,2
DA:56,0
DA:57,0
DA:59,0
DA:60,0
DA:62,0
DA:65,2
DA:66,2
DA:69,0
DA:70,0
DA:74,3
DA:75,3
DA:76,3
DA:77,3
DA:78,0
DA:80,3
DA:81,3
DA:82,3
DA:83,0
DA:84,0
DA:87,3
DA:88,3
DA:90,3
DA:98,3
DA:99,3
DA:101,0
DA:102,0
DA:107,6
DA:108,6
DA:109,6
DA:111,6
DA:112,6
DA:113,0
DA:115,6
DA:116,6
DA:117,6
DA:118,0
DA:120,6
DA:121,6
DA:122,0
DA:125,6
DA:130,6
DA:131,6
DA:136,6
DA:137,0
DA:139,6
DA:140,6
DA:142,6
DA:149,0
DA:150,0
DA:157,1
DA:158,1
DA:159,1
DA:161,1
DA:162,0
DA:165,1
DA:166,1
DA:167,0
DA:169,1
DA:170,1
DA:171,1
DA:172,1
DA:173,0
DA:174,0
DA:175,0
DA:177,0
DA:179,1
DA:184,1
DA:185,1
DA:190,1
DA:191,1
DA:192,1
DA:194,1
DA:200,0
DA:201,0
DA:208,1
DA:210,1
DA:211,1
DA:213,1
DA:214,0
DA:217,1
DA:218,1
DA:219,0
DA:220,0
DA:223,1
DA:224,1
DA:225,1
DA:226,0
DA:229,1
DA:230,0
DA:233,2
DA:234,1
DA:236,1
DA:238,0
DA:239,0
DA:244,1
DA:245,1
DA:246,1
DA:247,1
DA:249,0
DA:251,1
DA:253,1
DA:254,1
DA:256,0
DA:258,1
DA:259,1
DA:260,1
DA:261,1
DA:262,1
DA:263,0
DA:265,1
DA:268,1
DA:269,1
DA:271,0
DA:272,0
DA:278,2
LF:148
LH:103
BRDA:21,0,0,0
BRDA:21,0,1,1
BRDA:35,1,0,0
BRDA:40,2,0,0
BRDA:40,2,1,1
BRDA:54,3,0,0
BRDA:54,3,1,2
BRDA:57,4,0,0
BRDA:57,4,1,0
BRDA:77,5,0,0
BRDA:77,6,0,3
BRDA:77,6,1,3
BRDA:82,7,0,0
BRDA:112,8,0,0
BRDA:112,9,0,6
BRDA:112,9,1,6
BRDA:117,10,0,0
BRDA:121,11,0,0
BRDA:136,12,0,0
BRDA:136,12,1,6
BRDA:159,13,0,1
BRDA:159,13,1,1
BRDA:161,14,0,0
BRDA:166,15,0,0
BRDA:172,16,0,0
BRDA:172,17,0,1
BRDA:172,17,1,1
BRDA:172,17,2,1
BRDA:173,18,0,0
BRDA:211,19,0,1
BRDA:211,19,1,1
BRDA:213,20,0,0
BRDA:218,21,0,0
BRDA:225,22,0,0
BRDA:229,23,0,0
BRDA:229,24,0,1
BRDA:229,24,1,1
BRDA:247,25,0,0
BRDA:254,26,0,0
BRDA:262,27,0,0
BRF:40
BRH:17
end_of_record
TN:
SF:src\routes\file_route.ts
FN:8,(anonymous_1)
FN:11,(anonymous_2)
FN:20,(anonymous_3)
FNF:3
FNH:0
FNDA:0,(anonymous_1)
FNDA:0,(anonymous_2)
FNDA:0,(anonymous_3)
DA:1,2
DA:2,2
DA:3,2
DA:5,2
DA:7,2
DA:9,0
DA:12,0
DA:13,0
DA:14,0
DA:18,2
DA:20,2
DA:21,0
DA:22,0
DA:23,0
DA:24,0
DA:27,0
DA:28,0
DA:29,0
DA:31,0
DA:32,0
DA:36,2
LF:21
LH:8
BRDA:22,0,0,0
BRF:1
BRH:0
end_of_record
TN:
SF:src\routes\post_route.ts
FNF:0
FNH:0
DA:1,2
DA:2,2
DA:3,2
DA:75,2
DA:93,2
DA:118,2
DA:149,2
DA:170,2
DA:175,2
LF:9
LH:9
BRF:0
BRH:0
end_of_record
TN:
SF:src\routes\user_route.ts
FNF:0
FNH:0
DA:1,2
DA:2,2
DA:3,2
DA:4,2
DA:118,2
DA:166,2
DA:217,2
DA:238,2
DA:267,2
DA:286,2
DA:304,2
DA:306,2
DA:308,2
DA:310,2
DA:311,2
LF:15
LH:15
BRF:0
BRH:0
end_of_record
